This is pdfTeXk, Version 3.141592-1.40.3 (Web2C 7.5.6) (format=pdflatex 2009.5.13)  6 SEP 2009 22:17
entering extended mode
 %&-line parsing enabled.
**valeriu_predoi_first_year.tex
(./valeriu_predoi_first_year.tex
LaTeX2e <2005/12/01>
Babel <v3.8h> and hyphenation patterns for english, usenglishmax, dumylang, noh
yphenation, loaded.
(/usr/share/texmf-texlive/tex/latex/base/article.cls
Document Class: article 2005/09/16 v1.4f Standard LaTeX document class
(/usr/share/texmf-texlive/tex/latex/base/size10.clo
File: size10.clo 2005/09/16 v1.4f Standard LaTeX file (size option)
)
\c@part=\count79
\c@section=\count80
\c@subsection=\count81
\c@subsubsection=\count82
\c@paragraph=\count83
\c@subparagraph=\count84
\c@figure=\count85
\c@table=\count86
\abovecaptionskip=\skip41
\belowcaptionskip=\skip42
\bibindent=\dimen102
)
(/usr/share/texmf-texlive/tex/latex/graphics/epsfig.sty
Package: epsfig 1999/02/16 v1.7a (e)psfig emulation (SPQR)

(/usr/share/texmf-texlive/tex/latex/graphics/graphicx.sty
Package: graphicx 1999/02/16 v1.0f Enhanced LaTeX Graphics (DPC,SPQR)

(/usr/share/texmf-texlive/tex/latex/graphics/keyval.sty
Package: keyval 1999/03/16 v1.13 key=value parser (DPC)
\KV@toks@=\toks14
)
(/usr/share/texmf-texlive/tex/latex/graphics/graphics.sty
Package: graphics 2006/02/20 v1.0o Standard LaTeX Graphics (DPC,SPQR)

(/usr/share/texmf-texlive/tex/latex/graphics/trig.sty
Package: trig 1999/03/16 v1.09 sin cos tan (DPC)
)
(/etc/texmf/tex/latex/config/graphics.cfg
File: graphics.cfg 2007/01/18 v1.5 graphics configuration of teTeX/TeXLive
)
Package graphics Info: Driver file: pdftex.def on input line 90.

(/usr/share/texmf-texlive/tex/latex/pdftex-def/pdftex.def
File: pdftex.def 2007/01/08 v0.04d Graphics/color for pdfTeX
\Gread@gobject=\count87
))
\Gin@req@height=\dimen103
\Gin@req@width=\dimen104
)
\epsfxsize=\dimen105
\epsfysize=\dimen106
)
(/usr/share/texmf-texlive/tex/latex/base/latexsym.sty
Package: latexsym 1998/08/17 v2.2e Standard LaTeX package (lasy symbols)
\symlasy=\mathgroup4
LaTeX Font Info:    Overwriting symbol font `lasy' in version `bold'
(Font)                  U/lasy/m/n --> U/lasy/b/n on input line 47.
)
(/usr/share/texmf-texlive/tex/latex/geometry/geometry.sty
Package: geometry 2002/07/08 v3.2 Page Geometry
\Gm@cnth=\count88
\Gm@cntv=\count89
\c@Gm@tempcnt=\count90
\Gm@bindingoffset=\dimen107
\Gm@wd@mp=\dimen108
\Gm@odd@mp=\dimen109
\Gm@even@mp=\dimen110
\Gm@dimlist=\toks15
)
(/usr/share/texmf-texlive/tex/latex/amsmath/amsmath.sty
Package: amsmath 2000/07/18 v2.13 AMS math features
\@mathmargin=\skip43

For additional information on amsmath, use the `?' option.
(/usr/share/texmf-texlive/tex/latex/amsmath/amstext.sty
Package: amstext 2000/06/29 v2.01

(/usr/share/texmf-texlive/tex/latex/amsmath/amsgen.sty
File: amsgen.sty 1999/11/30 v2.0
\@emptytoks=\toks16
\ex@=\dimen111
))
(/usr/share/texmf-texlive/tex/latex/amsmath/amsbsy.sty
Package: amsbsy 1999/11/29 v1.2d
\pmbraise@=\dimen112
)
(/usr/share/texmf-texlive/tex/latex/amsmath/amsopn.sty
Package: amsopn 1999/12/14 v2.01 operator names
)
\inf@bad=\count91
LaTeX Info: Redefining \frac on input line 211.
\uproot@=\count92
\leftroot@=\count93
LaTeX Info: Redefining \overline on input line 307.
\classnum@=\count94
\DOTSCASE@=\count95
LaTeX Info: Redefining \ldots on input line 379.
LaTeX Info: Redefining \dots on input line 382.
LaTeX Info: Redefining \cdots on input line 467.
\Mathstrutbox@=\box26
\strutbox@=\box27
\big@size=\dimen113
LaTeX Font Info:    Redeclaring font encoding OML on input line 567.
LaTeX Font Info:    Redeclaring font encoding OMS on input line 568.
\macc@depth=\count96
\c@MaxMatrixCols=\count97
\dotsspace@=\muskip10
\c@parentequation=\count98
\dspbrk@lvl=\count99
\tag@help=\toks17
\row@=\count100
\column@=\count101
\maxfields@=\count102
\andhelp@=\toks18
\eqnshift@=\dimen114
\alignsep@=\dimen115
\tagshift@=\dimen116
\tagwidth@=\dimen117
\totwidth@=\dimen118
\lineht@=\dimen119
\@envbody=\toks19
\multlinegap=\skip44
\multlinetaggap=\skip45
\mathdisplay@stack=\toks20
LaTeX Info: Redefining \[ on input line 2666.
LaTeX Info: Redefining \] on input line 2667.
)

LaTeX Warning: Unused global option(s):
    [epsf].

(./valeriu_predoi_first_year.aux)
\openout1 = `valeriu_predoi_first_year.aux'.

LaTeX Font Info:    Checking defaults for OML/cmm/m/it on input line 18.
LaTeX Font Info:    ... okay on input line 18.
LaTeX Font Info:    Checking defaults for T1/cmr/m/n on input line 18.
LaTeX Font Info:    ... okay on input line 18.
LaTeX Font Info:    Checking defaults for OT1/cmr/m/n on input line 18.
LaTeX Font Info:    ... okay on input line 18.
LaTeX Font Info:    Checking defaults for OMS/cmsy/m/n on input line 18.
LaTeX Font Info:    ... okay on input line 18.
LaTeX Font Info:    Checking defaults for OMX/cmex/m/n on input line 18.
LaTeX Font Info:    ... okay on input line 18.
LaTeX Font Info:    Checking defaults for U/cmr/m/n on input line 18.
LaTeX Font Info:    ... okay on input line 18.
-------------------- Geometry parameters
paper: a4paper
landscape: --
twocolumn: --
twoside: --
asymmetric: --
h-parts: 99.58464pt, 441.01772pt, 56.90552pt
v-parts: 71.13188pt, 702.78308pt, 71.13188pt
hmarginratio: --
vmarginratio: --
lines: --
heightrounded: --
bindingoffset: 0.0pt
truedimen: --
includehead: --
includefoot: --
includemp: --
driver: pdftex
-------------------- Page layout dimensions and switches
\paperwidth  597.50787pt
\paperheight 845.04684pt
\textwidth  441.01772pt
\textheight 702.78308pt
\oddsidemargin  27.31465pt
\evensidemargin 27.31465pt
\topmargin  -38.1381pt
\headheight 12.0pt
\headsep    25.0pt
\footskip   30.0pt
\marginparwidth 65.0pt
\marginparsep   11.0pt
\columnsep  10.0pt
\skip\footins  9.0pt plus 4.0pt minus 2.0pt
\hoffset 0.0pt
\voffset 0.0pt
\mag 1000

(1in=72.27pt, 1cm=28.45pt)
-----------------------
 [1

{/var/lib/texmf/fonts/map/pdftex/updmap/pdftex.map}] (./valeriu_predoi_first_ye
ar.toc
LaTeX Font Info:    Try loading font information for U+lasy on input line 3.

(/usr/share/texmf-texlive/tex/latex/base/ulasy.fd
File: ulasy.fd 1998/08/17 v2.2e LaTeX symbol font definitions
))
\tf@toc=\write3
\openout3 = `valeriu_predoi_first_year.toc'.

 [1]
Missing character: There is no ¬ in font cmr10!
Missing character: There is no ¥ in font cmr10!
Missing character: There is no ¬ in font cmr10!
Missing character: There is no ¥ in font cmr10!
Missing character: There is no ¬ in font cmr10!
Missing character: There is no ¥ in font cmr10!
 [2]
LaTeX Font Info:    Try loading font information for OMS+cmr on input line 97.

(/usr/share/texmf-texlive/tex/latex/base/omscmr.fd
File: omscmr.fd 1999/05/25 v2.5h Standard LaTeX font definitions
)
LaTeX Font Info:    Font shape `OMS/cmr/m/n' in size <10> not available
(Font)              Font shape `OMS/cmsy/m/n' tried instead on input line 97.
Missing character: There is no ¬ in font cmr10!
Missing character: There is no ¥ in font cmr10!

<PSR.png, id=18, 312.41719pt x 363.60844pt>
File: PSR.png Graphic file (type png)
 <use PSR.png> [3] [4 <./PSR.png (PNG copy)>] [5] [6] [7]
Missing character: There is no ¬ in font cmr10!
Missing character: There is no ¥ in font cmr10!
 [8] <chirpfreq.jpg, id=46, 1204.5pt x 904.37875pt>
File: chirpfreq.jpg Graphic file (type jpg)

<use chirpfreq.jpg> [9 <./chirpfreq.jpg>]
<detector.png, id=50, 440.64626pt x 304.13625pt>
File: detector.png Graphic file (type png)
 <use detector.png>
Missing character: There is no ‚ in font cmr10!
Missing character: There is no Ä in font cmr10!
Missing character: There is no ú in font cmr10!
Missing character: There is no ‚ in font cmr10!
Missing character: There is no Ä in font cmr10!
Missing character: There is no ù in font cmr10!

<plus.png, id=51, 571.13374pt x 168.63pt>
File: plus.png Graphic file (type png)
 <use plus.png>
<cross.png, id=52, 507.8975pt x 156.585pt>
File: cross.png Graphic file (type png)
 <use cross.png>
Overfull \hbox (18.67078pt too wide) in paragraph at lines 576--589
[][]   [] 
 []

[10 <./detector.png (PNG copy)> <./plus.png (PNG copy)> <./cross.png (PNG copy)
>] <ligonoise.jpg, id=56, 780.9175pt x 587.19376pt>
File: ligonoise.jpg Graphic file (type jpg)
 <use ligonoise.jpg>
[11]
Missing character: There is no ¬ in font cmr10!
Missing character: There is no ¥ in font cmr10!
Missing character: There is no ¬ in font cmr10!
Missing character: There is no ¥ in font cmr10!
Missing character: There is no ¬ in font cmr10!
Missing character: There is no ¥ in font cmr10!
 [12 <./ligonoise.jpg>] [13]

LaTeX Warning: Citation `gcn' on page 14 undefined on input line 800.

Missing character: There is no ¬ in font cmr10!
Missing character: There is no ® in font cmr10!
Missing character: There is no ¬ in font cmr10!
Missing character: There is no ® in font cmr10!
[14]
Missing character: There is no ¬ in font cmr10!
Missing character: There is no ¥ in font cmr10!
 <H1_SNR_time.png, id=72, 1204.5pt x 903.375pt>
File: H1_SNR_time.png Graphic file (type png)
 <use H1_SNR_time.png>
<L1_SNR_time.png, id=73, 1204.5pt x 903.375pt>
File: L1_SNR_time.png Graphic file (type png)
 <use L1_SNR_time.png>
Overfull \hbox (18.67078pt too wide) in paragraph at lines 810--823
[][]   [] 
 []

<H1_cumno_SNR.png, id=74, 1204.5pt x 903.375pt>
File: H1_cumno_SNR.png Graphic file (type png)
 <use H1_cumno_SNR.png>
<L1_cumno_SNR.png, id=75, 1204.5pt x 903.375pt>
File: L1_cumno_SNR.png Graphic file (type png)
 <use L1_cumno_SNR.png>
Overfull \hbox (18.67078pt too wide) in paragraph at lines 826--839
[][]   [] 
 []

[15 <./H1_SNR_time.png> <./L1_SNR_time.png> <./H1_cumno_SNR.png> <./L1_cumno_SN
R.png>] <Ethinca_H1.png, id=83, 1204.5pt x 903.375pt>
File: Ethinca_H1.png Graphic file (type png)
 <use Ethinca_H1.png>
<Ethinca_L1.png, id=84, 1204.5pt x 903.375pt>
File: Ethinca_L1.png Graphic file (type png)
 <use Ethinca_L1.png>
Overfull \hbox (18.67078pt too wide) in paragraph at lines 848--861
[][]   [] 
 []

<Chisq_H1.png, id=85, 1204.5pt x 903.375pt>
File: Chisq_H1.png Graphic file (type png)
 <use Chisq_H1.png>
<Chisq_L1.png, id=86, 1204.5pt x 903.375pt>
File: Chisq_L1.png Graphic file (type png)
 <use Chisq_L1.png>
Overfull \hbox (18.67078pt too wide) in paragraph at lines 868--881
[][]   [] 
 []

[16 <./Ethinca_H1.png> <./Ethinca_L1.png>]
<Triggers_Mc1.png, id=93, 1204.5pt x 903.375pt>
File: Triggers_Mc1.png Graphic file (type png)
 <use Triggers_Mc1.png>
<Triggers_Mc2.png, id=94, 1204.5pt x 903.375pt>
File: Triggers_Mc2.png Graphic file (type png)
 <use Triggers_Mc2.png>
Overfull \hbox (18.67078pt too wide) in paragraph at lines 895--908
[][]   [] 
 []

<Triggers_Mc3.png, id=95, 1204.5pt x 903.375pt>
File: Triggers_Mc3.png Graphic file (type png)
 <use Triggers_Mc3.png> [17 <./Chisq_H1.png> <./Chisq_L1.png> <./Triggers_Mc1.p
ng> <./Triggers_Mc2.png> <./Triggers_Mc3.png>] <Foundmissed_INJ_H1.png, id=104,
 1204.5pt x 903.375pt>
File: Foundmissed_INJ_H1.png Graphic file (type png)

<use Foundmissed_INJ_H1.png>
<Foundmissed_INJ_L1.png, id=105, 1204.5pt x 903.375pt>
File: Foundmissed_INJ_L1.png Graphic file (type png)

<use Foundmissed_INJ_L1.png>
Overfull \hbox (18.67078pt too wide) in paragraph at lines 920--933
[][]   [] 
 []

Missing character: There is no ¬ in font cmr10!
Missing character: There is no ¥ in font cmr10!
[18 <./Foundmissed_INJ_H1.png> <./Foundmissed_INJ_L1.png>]
<FAR.png, id=112, 1204.5pt x 903.375pt>
File: FAR.png Graphic file (type png)
 <use FAR.png>
<background.png, id=113, 1204.5pt x 903.375pt>
File: background.png Graphic file (type png)
 <use background.png>
Overfull \hbox (18.67078pt too wide) in paragraph at lines 958--971
[][]   [] 
 []

Missing character: There is no ¬ in font cmr10!
Missing character: There is no ¥ in font cmr10!
Missing character: There is no ¬ in font cmr10!
Missing character: There is no ¥ in font cmr10!
[19 <./FAR.png> <./background.png>] [20]
Missing character: There is no ¬ in font cmr10!
Missing character: There is no ¥ in font cmr10!
 [21] [22] [23] [24] [25] [26]
Missing character: There is no ¬ in font cmr10!
Missing character: There is no ¥ in font cmr10!
Missing character: There is no ¬ in font cmr10!
Missing character: There is no ¥ in font cmr10!
Missing character: There is no ¬ in font cmr10!
Missing character: There is no ¥ in font cmr10!

<m1m2_1905.png, id=142, 433.62pt x 289.08pt>
File: m1m2_1905.png Graphic file (type png)
 <use m1m2_1905.png>
<RAdec_1905.png, id=143, 433.62pt x 289.08pt>
File: RAdec_1905.png Graphic file (type png)
 <use RAdec_1905.png>
Overfull \hbox (18.67078pt too wide) in paragraph at lines 1336--1349
[][]   [] 
 []

Missing character: There is no ¬ in font cmr10!
Missing character: There is no ¥ in font cmr10!
[27] <m1m2_500.png, id=147, 433.62pt x 289.08pt>
File: m1m2_500.png Graphic file (type png)
 <use m1m2_500.png>
<RAdec_500.png, id=148, 433.62pt x 289.08pt>
File: RAdec_500.png Graphic file (type png)
 <use RAdec_500.png>
Overfull \hbox (18.67078pt too wide) in paragraph at lines 1394--1407
[][]   [] 
 []

<m1m2_1000.png, id=149, 433.62pt x 289.08pt>
File: m1m2_1000.png Graphic file (type png)
 <use m1m2_1000.png>
<RAdec_1000.png, id=150, 433.62pt x 289.08pt>
File: RAdec_1000.png Graphic file (type png)
 <use RAdec_1000.png>
Overfull \hbox (18.67078pt too wide) in paragraph at lines 1410--1423
[][]   [] 
 []


LaTeX Warning: `!h' float specifier changed to `!ht'.

<m1m2_5000.png, id=151, 433.62pt x 289.08pt>
File: m1m2_5000.png Graphic file (type png)
 <use m1m2_5000.png>
<RAdec_5000.png, id=152, 433.62pt x 289.08pt>
File: RAdec_5000.png Graphic file (type png)
 <use RAdec_5000.png>
Overfull \hbox (18.67078pt too wide) in paragraph at lines 1426--1439
[][]   [] 
 []


LaTeX Warning: `!h' float specifier changed to `!ht'.

[28 <./m1m2_1905.png> <./RAdec_1905.png>] [29 <./m1m2_500.png> <./RAdec_500.png
> <./m1m2_1000.png> <./RAdec_1000.png> <./m1m2_5000.png> <./RAdec_5000.png>]
Overfull \hbox (80.98175pt too wide) in paragraph at lines 1454--1455
[]\OT1/cmr/m/n/10 B. Ab-bott \OT1/cmr/m/it/10 et al. \OT1/cmr/m/n/10 (LIGO Sci-
en-tific Col-lab-o-ra-tion): []\OT1/cmtt/m/n/10 //www.ligo.caltech.edu/docs/M/M
060056-08/M060056-08.pdf 
 []

Missing character: There is no Ô in font cmr10!
Missing character: There is no ¨ in font cmr10!
Missing character: There is no Å in font cmr10!
Missing character: There is no Ô in font cmr10!
Missing character: There is no ¨ in font cmr10!
Missing character: There is no Å in font cmr10!
[30] [31] (./valeriu_predoi_first_year.aux)

LaTeX Warning: There were undefined references.


LaTeX Warning: Label(s) may have changed. Rerun to get cross-references right.

 ) 
Here is how much of TeX's memory you used:
 1832 strings out of 95086
 23393 string characters out of 1183255
 81707 words of memory out of 1500000
 4977 multiletter control sequences out of 10000+50000
 13466 words of font info for 51 fonts, out of 1200000 for 2000
 28 hyphenation exceptions out of 8191
 32i,12n,23p,2439b,268s stack positions out of 5000i,500n,6000p,200000b,5000s
</usr/share/texmf-texlive/fonts/type1/bluesky/cm/cmbx10.pfb></usr/share/texmf
-texlive/fonts/type1/bluesky/cm/cmbx12.pfb></usr/share/texmf-texlive/fonts/type
1/bluesky/cm/cmbx7.pfb></usr/share/texmf-texlive/fonts/type1/bluesky/cm/cmex10.
pfb></usr/share/texmf-texlive/fonts/type1/bluesky/cm/cmmi10.pfb></usr/share/tex
mf-texlive/fonts/type1/bluesky/cm/cmmi12.pfb></usr/share/texmf-texlive/fonts/ty
pe1/bluesky/cm/cmmi5.pfb></usr/share/texmf-texlive/fonts/type1/bluesky/cm/cmmi7
.pfb></usr/share/texmf-texlive/fonts/type1/bluesky/cm/cmr10.pfb></usr/share/tex
mf-texlive/fonts/type1/bluesky/cm/cmr12.pfb></usr/share/texmf-texlive/fonts/typ
e1/bluesky/cm/cmr5.pfb></usr/share/texmf-texlive/fonts/type1/bluesky/cm/cmr7.pf
b></usr/share/texmf-texlive/fonts/type1/bluesky/cm/cmr8.pfb></usr/share/texmf-t
exlive/fonts/type1/bluesky/cm/cmsy10.pfb></usr/share/texmf-texlive/fonts/type1/
bluesky/cm/cmsy5.pfb></usr/share/texmf-texlive/fonts/type1/bluesky/cm/cmsy7.pfb
></usr/share/texmf-texlive/fonts/type1/bluesky/cm/cmti10.pfb></usr/share/texmf-
texlive/fonts/type1/bluesky/cm/cmtt10.pfb></usr/share/texmf-texlive/fonts/type1
/bluesky/latex-fonts/lasy10.pfb>
Output written on valeriu_predoi_first_year.pdf (32 pages, 2120878 bytes).
PDF statistics:
 234 PDF objects out of 1000 (max. 8388607)
 0 named destinations out of 1000 (max. 131072)
 146 words of extra memory for PDF output out of 10000 (max. 10000000)

